Build started 9/15/2014 12:39:02 PM.
     1>Project "D:\Scratch\EnginesClass\DirectX11_Starter\DirectX11_Starter\DirectX11_Starter.vcxproj" on node 2 (Build target(s)).
     1>ClCompile:
         C:\Program Files (x86)\Microsoft Visual Studio 12.0\VC\bin\CL.exe /c /ID:\Scratch\EnginesClass\DirectX11_Starter\Math /ZI /nologo /W3 /WX- /sdl /Od /Oy- /D _UNICODE /D UNICODE /Gm /EHsc /RTC1 /MDd /GS /fp:precise /Zc:wchar_t /Zc:forScope /Fo"Debug\\" /Fd"Debug\vc120.pdb" /Gd /TP /analyze- /errorReport:prompt WaterSample.cpp
         WaterSample.cpp
     1>d:\scratch\enginesclass\directx11_starter\directx11_starter\watersample.h(25): error C2661: 'WaterSample::Resource::Resource' : no overloaded function takes 2 arguments
     1>Done Building Project "D:\Scratch\EnginesClass\DirectX11_Starter\DirectX11_Starter\DirectX11_Starter.vcxproj" (Build target(s)) -- FAILED.

Build FAILED.

Time Elapsed 00:00:01.34
